c:\users\edenw\desktop\cpp_cw1\debug\courseworkbase2020.bsc
c:\users\edenw\desktop\cpp_cw1\debug\vc143.pdb
c:\users\edenw\desktop\cpp_cw1\debug\ball.sbr
c:\users\edenw\desktop\cpp_cw1\debug\leaderboard.sbr
c:\users\edenw\desktop\cpp_cw1\debug\rock.sbr
c:\users\edenw\desktop\cpp_cw1\debug\draggingdemo.sbr
c:\users\edenw\desktop\cpp_cw1\debug\dragon.sbr
c:\users\edenw\desktop\cpp_cw1\debug\drawingsurface.sbr
c:\users\edenw\desktop\cpp_cw1\debug\end.sbr
c:\users\edenw\desktop\cpp_cw1\debug\flashingdemo.sbr
c:\users\edenw\desktop\cpp_cw1\debug\gameobject.sbr
c:\users\edenw\desktop\cpp_cw1\debug\imagemappingdemo.sbr
c:\users\edenw\desktop\cpp_cw1\debug\mainfunction.sbr
c:\users\edenw\desktop\cpp_cw1\debug\baseengine.sbr
c:\users\edenw\desktop\cpp_cw1\debug\displayableobject.sbr
c:\users\edenw\desktop\cpp_cw1\debug\fontmanager.sbr
c:\users\edenw\desktop\cpp_cw1\debug\menu.sbr
c:\users\edenw\desktop\cpp_cw1\debug\mydemoa.sbr
c:\users\edenw\desktop\cpp_cw1\debug\myobjectb.sbr
c:\users\edenw\desktop\cpp_cw1\debug\mytilemanager.sbr
c:\users\edenw\desktop\cpp_cw1\debug\objectmapper.sbr
c:\users\edenw\desktop\cpp_cw1\debug\pause.sbr
c:\users\edenw\desktop\cpp_cw1\debug\pause.obj
c:\users\edenw\desktop\cpp_cw1\debug\objectmapper.obj
c:\users\edenw\desktop\cpp_cw1\debug\mytilemanager.obj
c:\users\edenw\desktop\cpp_cw1\debug\myobjectb.obj
c:\users\edenw\desktop\cpp_cw1\debug\mydemoa.obj
c:\users\edenw\desktop\cpp_cw1\debug\menu.obj
c:\users\edenw\desktop\cpp_cw1\debug\fontmanager.obj
c:\users\edenw\desktop\cpp_cw1\debug\displayableobject.obj
c:\users\edenw\desktop\cpp_cw1\debug\baseengine.obj
c:\users\edenw\desktop\cpp_cw1\debug\mainfunction.obj
c:\users\edenw\desktop\cpp_cw1\debug\imagemappingdemo.obj
c:\users\edenw\desktop\cpp_cw1\debug\gameobject.obj
c:\users\edenw\desktop\cpp_cw1\debug\flashingdemo.obj
c:\users\edenw\desktop\cpp_cw1\debug\end.obj
c:\users\edenw\desktop\cpp_cw1\debug\drawingsurface.obj
c:\users\edenw\desktop\cpp_cw1\debug\dragon.obj
c:\users\edenw\desktop\cpp_cw1\debug\draggingdemo.obj
c:\users\edenw\desktop\cpp_cw1\debug\rock.obj
c:\users\edenw\desktop\cpp_cw1\debug\leaderboard.obj
c:\users\edenw\desktop\cpp_cw1\debug\ball.obj
c:\users\edenw\desktop\cpp_cw1\debug\play.sbr
c:\users\edenw\desktop\cpp_cw1\debug\psyew3engine.sbr
c:\users\edenw\desktop\cpp_cw1\debug\psyew3tilemanager.sbr
c:\users\edenw\desktop\cpp_cw1\debug\racket.sbr
c:\users\edenw\desktop\cpp_cw1\debug\scrollingandzooming.sbr
c:\users\edenw\desktop\cpp_cw1\debug\simpleimage.sbr
c:\users\edenw\desktop\cpp_cw1\debug\simpledemo.sbr
c:\users\edenw\desktop\cpp_cw1\debug\starfielddemo.sbr
c:\users\edenw\desktop\cpp_cw1\debug\state.sbr
c:\users\edenw\desktop\cpp_cw1\debug\tilemanager.sbr
c:\users\edenw\desktop\cpp_cw1\debug\bouncingball.sbr
c:\users\edenw\desktop\cpp_cw1\debug\bouncingballmain.sbr
c:\users\edenw\desktop\cpp_cw1\debug\mazedemomain.sbr
c:\users\edenw\desktop\cpp_cw1\debug\mazedemoobject.sbr
c:\users\edenw\desktop\cpp_cw1\debug\mazedemotilemanager.sbr
c:\users\edenw\desktop\cpp_cw1\debug\zoomingdemo.sbr
c:\users\edenw\desktop\cpp_cw1\debug\zoomingdemo.obj
c:\users\edenw\desktop\cpp_cw1\debug\mazedemotilemanager.obj
c:\users\edenw\desktop\cpp_cw1\debug\mazedemoobject.obj
c:\users\edenw\desktop\cpp_cw1\debug\mazedemomain.obj
c:\users\edenw\desktop\cpp_cw1\debug\bouncingballmain.obj
c:\users\edenw\desktop\cpp_cw1\debug\bouncingball.obj
c:\users\edenw\desktop\cpp_cw1\debug\tilemanager.obj
c:\users\edenw\desktop\cpp_cw1\debug\state.obj
c:\users\edenw\desktop\cpp_cw1\debug\starfielddemo.obj
c:\users\edenw\desktop\cpp_cw1\debug\simpledemo.obj
c:\users\edenw\desktop\cpp_cw1\debug\simpleimage.obj
c:\users\edenw\desktop\cpp_cw1\debug\scrollingandzooming.obj
c:\users\edenw\desktop\cpp_cw1\debug\racket.obj
c:\users\edenw\desktop\cpp_cw1\debug\psyew3tilemanager.obj
c:\users\edenw\desktop\cpp_cw1\debug\psyew3engine.obj
c:\users\edenw\desktop\cpp_cw1\debug\play.obj
c:\users\edenw\desktop\cpp_cw1\debug\courseworkbase2020.exe
c:\users\edenw\desktop\cpp_cw1\debug\courseworkbase2020.ilk
c:\users\edenw\desktop\cpp_cw1\src\map
c:\users\edenw\desktop\cpp_cw1\debug\courseworkbase2020.pdb
c:\users\edenw\desktop\cpp_cw1\/debug\courseworkbase2020.pdb
c:\users\edenw\desktop\cpp_cw1\/debug\courseworkbase2020.bsc
c:\users\edenw\desktop\cpp_cw1\/debug\courseworkbase2020.ilk
c:\users\edenw\desktop\cpp_cw1\/debug\courseworkbase.vcxproj.filelistabsolute.txt
c:\users\edenw\desktop\cpp_cw1\debug\coursewo.63f64093.tlog\bscmake.command.1.tlog
c:\users\edenw\desktop\cpp_cw1\debug\coursewo.63f64093.tlog\bscmake.read.1.tlog
c:\users\edenw\desktop\cpp_cw1\debug\coursewo.63f64093.tlog\bscmake.write.1.tlog
c:\users\edenw\desktop\cpp_cw1\debug\coursewo.63f64093.tlog\cl.command.1.tlog
c:\users\edenw\desktop\cpp_cw1\debug\coursewo.63f64093.tlog\cl.read.1.tlog
c:\users\edenw\desktop\cpp_cw1\debug\coursewo.63f64093.tlog\cl.write.1.tlog
c:\users\edenw\desktop\cpp_cw1\debug\coursewo.63f64093.tlog\link.command.1.tlog
c:\users\edenw\desktop\cpp_cw1\debug\coursewo.63f64093.tlog\link.read.1.tlog
c:\users\edenw\desktop\cpp_cw1\debug\coursewo.63f64093.tlog\link.write.1.tlog
